<?xml version="1.0" encoding="UTF-8"?>
<testng-results ignored="0" total="1" passed="1" failed="0" skipped="0">
  <reporter-output>
  </reporter-output>
  <suite started-at="2022-07-08T04:32:13 IST" name="Default suite" finished-at="2022-07-08T04:33:03 IST" duration-ms="49737">
    <groups>
    </groups>
    <test started-at="2022-07-08T04:32:13 IST" name="Default test" finished-at="2022-07-08T04:33:03 IST" duration-ms="49737">
      <class name="hybrid_app_testscripts.NewtoursTest">
        <test-method is-config="true" signature="setup()[pri:0, instance:hybrid_app_testscripts.NewtoursTest@16ec5519]" started-at="2022-07-08T04:32:13 IST" name="setup" finished-at="2022-07-08T04:32:54 IST" duration-ms="41242" status="PASS">
          <reporter-output>
          </reporter-output>
        </test-method> <!-- setup -->
        <test-method signature="loginTest()[pri:0, instance:hybrid_app_testscripts.NewtoursTest@16ec5519]" started-at="2022-07-08T04:32:54 IST" name="loginTest" finished-at="2022-07-08T04:32:57 IST" duration-ms="2786" status="PASS">
          <reporter-output>
          </reporter-output>
        </test-method> <!-- loginTest -->
        <test-method is-config="true" signature="teardown()[pri:0, instance:hybrid_app_testscripts.NewtoursTest@16ec5519]" started-at="2022-07-08T04:32:57 IST" name="teardown" finished-at="2022-07-08T04:33:03 IST" duration-ms="5615" status="PASS">
          <reporter-output>
          </reporter-output>
        </test-method> <!-- teardown -->
      </class> <!-- hybrid_app_testscripts.NewtoursTest -->
    </test> <!-- Default test -->
  </suite> <!-- Default suite -->
</testng-results>
